<?xml version="1.0" encoding="UTF-8"?>
<testng-results skipped="0" failed="0" ignored="0" total="1" passed="1">
  <reporter-output>
  </reporter-output>
  <suite name="Default suite" duration-ms="9484" started-at="2022-01-10T13:49:34 PST" finished-at="2022-01-10T13:49:43 PST">
    <groups>
    </groups>
    <test name="Default test" duration-ms="9484" started-at="2022-01-10T13:49:34 PST" finished-at="2022-01-10T13:49:43 PST">
      <class name="com.training.test.login.TC3">
        <test-method status="PASS" signature="beforeTest()[pri:0, instance:com.training.test.login.TC3@1a8a8f7c]" name="beforeTest" is-config="true" duration-ms="3711" started-at="2022-01-10T13:49:34 PST" finished-at="2022-01-10T13:49:37 PST">
          <reporter-output>
          </reporter-output>
        </test-method> <!-- beforeTest -->
        <test-method status="PASS" signature="validateLogin()[pri:0, instance:com.training.test.login.TC3@1a8a8f7c]" name="validateLogin" duration-ms="1407" started-at="2022-01-10T13:49:37 PST" finished-at="2022-01-10T13:49:39 PST">
          <reporter-output>
          </reporter-output>
        </test-method> <!-- validateLogin -->
        <test-method status="PASS" signature="teardown()[pri:0, instance:com.training.test.login.TC3@1a8a8f7c]" name="teardown" is-config="true" duration-ms="4323" started-at="2022-01-10T13:49:39 PST" finished-at="2022-01-10T13:49:43 PST">
          <reporter-output>
          </reporter-output>
        </test-method> <!-- teardown -->
      </class> <!-- com.training.test.login.TC3 -->
    </test> <!-- Default test -->
  </suite> <!-- Default suite -->
</testng-results>
